19:40:41.461 [main                     ] DEBUG Logger               - Configured Logger
19:40:41.491 [main                     ] DEBUG GameApplication      - Logging settings
Title: FXGL CRUD Interface with Pig Drawing
Version: 0.0
Width: 800
Height: 800
Fullscreen: false
Intro: false
Profiling: false
Single step:false
App Mode: DEVELOPER
Menu Key: ESCAPE
Stage Style: DECORATED
Scene Factory: class com.almasb.fxgl.app.scene.SceneFactory

19:40:41.810 [JavaFX Application Thread] DEBUG FXGLApplication      - Initializing FXGL
19:40:41.814 [JavaFX Application Thread] INFO  Engine               - FXGL-17.3 (30.03.2023 11.49) on WINDOWS (J:22.0.2 FX:22-ea)
19:40:41.815 [JavaFX Application Thread] DEBUG Engine               - JRE Vendor Name: Oracle Corporation
19:40:41.815 [JavaFX Application Thread] DEBUG Engine               - Running on OS: Windows 11 version 10.0
19:40:41.815 [JavaFX Application Thread] DEBUG Engine               - Architecture: amd64
19:40:41.815 [JavaFX Application Thread] INFO  Engine               - Source code and latest versions at: https://github.com/AlmasB/FXGL
19:40:41.815 [JavaFX Application Thread] INFO  Engine               -       Ask questions and discuss at: https://github.com/AlmasB/FXGL/discussions
19:40:41.815 [JavaFX Application Thread] INFO  Engine               -              Join the FXGL chat at: https://gitter.im/AlmasB/FXGL
19:40:41.887 [JavaFX Application Thread] DEBUG PrimaryStageWindow   - Creating a JavaFX scene
19:40:41.927 [JavaFX Application Thread] DEBUG PrimaryStageWindow   - Target settings size: 800.0 x 800.0
19:40:41.927 [JavaFX Application Thread] DEBUG PrimaryStageWindow   - Scaled scene size:    800.0 x 800.0
19:40:41.928 [JavaFX Application Thread] DEBUG PrimaryStageWindow   - Scaled ratio: (1.0, 1.0)
19:40:41.929 [JavaFX Application Thread] DEBUG PrimaryStageWindow   - Set initial scene to FXGLStartupScene
19:40:41.931 [JavaFX Application Thread] DEBUG PrimaryStageWindow   - Opening main window
19:40:42.011 [JavaFX Application Thread] DEBUG PrimaryStageWindow   - Window border size: (16.0, 39.0)
19:40:42.011 [JavaFX Application Thread] DEBUG PrimaryStageWindow   - Scaled size: 800.0 x 800.0
19:40:42.012 [JavaFX Application Thread] DEBUG PrimaryStageWindow   - Scaled ratio: (1.0, 1.0)
19:40:42.012 [JavaFX Application Thread] DEBUG PrimaryStageWindow   - Scene size: 800.0 x 800.0
19:40:42.012 [JavaFX Application Thread] DEBUG PrimaryStageWindow   - Stage size: 816.0 x 839.0
19:40:42.019 [FXGL Background Thread 1 ] DEBUG Engine               - Initializing environment variables
19:40:42.067 [FXGL Background Thread 1 ] DEBUG FXGLAssetLoaderServi - User app class for loading assets: class com.example.lab4_sql_fx.CRUDInterfaceApp
19:40:42.067 [FXGL Background Thread 1 ] DEBUG GameApplicationServi - Applying CSS: fxgl_dark.css
19:40:42.068 [FXGL Background Thread 1 ] DEBUG FXGLAssetLoaderServi - Loading from file system: jar:file:///C:/Users/hampt/.m2/repository/com/github/almasb/fxgl/17.3/fxgl-17.3.jar!/fxglassets/ui/css/fxgl_dark.css
19:40:42.111 [FXGL Background Thread 1 ] DEBUG GameApplicationServi - Initializing application scenes
19:40:42.152 [FXGL Background Thread 1 ] DEBUG GameWorld            - Game world initialized
19:40:42.221 [FXGL Background Thread 1 ] DEBUG PhysicsWorld         - Physics world initialized: appHeight=800, physics.ppm=50.0
19:40:42.221 [FXGL Background Thread 1 ] DEBUG PhysicsWorld         - Using strategy: BRUTE_FORCE
19:40:42.225 [FXGL Background Thread 1 ] DEBUG GameScene            - Game scene initialized: 800x800
19:40:42.235 [FXGL Background Thread 1 ] DEBUG FXGL.DefaultMenu     - createMenuBodyGameMenu()
19:40:42.246 [FXGL Background Thread 1 ] DEBUG FXGL.DefaultMenu     - createOptionsMenu()
19:40:42.253 [FXGL Background Thread 1 ] DEBUG FXGLAssetLoaderServi - Loading from file system: jar:file:///C:/Users/hampt/.m2/repository/com/github/almasb/fxgl/17.3/fxgl-17.3.jar!/fxglassets/textures/particles/smoke.png
19:40:42.348 [FXGL Background Thread 1 ] DEBUG FXGLAssetLoaderServi - Loading from file system: jar:file:///C:/Users/hampt/.m2/repository/com/github/almasb/fxgl/17.3/fxgl-17.3.jar!/fxglassets/textures/particles/trace_horizontal.png
19:40:42.378 [FXGL Background Thread 1 ] DEBUG GameApplicationServi - Application scenes initialized
19:40:42.389 [FXGL Background Thread 1 ] DEBUG SystemBundleService  - Loading FXGL system data
19:40:42.394 [FXGL Background Thread 1 ] DEBUG FileSystemAccess     - Reading from: C:\Users\hampt\IdeaProjects\TestingOnHackerRank\Lab4_Sql_FX\system\fxgl.bundle
19:40:42.401 [FXGL Background Thread 1 ] DEBUG SystemBundleService  - Bundle FXGL: {}
19:40:42.401 [FXGL Background Thread 1 ] DEBUG UpdaterService       - Checking for updates
19:40:42.405 [FXGL Background Thread 4 ] DEBUG FXGLApplication      - Loading fonts
19:40:42.405 [FXGL Background Thread 4 ] DEBUG FXGLAssetLoaderServi - Loading from file system: jar:file:///C:/Users/hampt/.m2/repository/com/github/almasb/fxgl/17.3/fxgl-17.3.jar!/fxglassets/ui/fonts/VarelaRound-Regular.ttf
19:40:42.406 [FXGL Background Thread 1 ] DEBUG FXGLApplication      - Loading default localization
19:40:42.406 [FXGL Background Thread 1 ] DEBUG FXGLAssetLoaderServi - Loading from file system: jar:file:///C:/Users/hampt/.m2/repository/com/github/almasb/fxgl/17.3/fxgl-17.3.jar!/fxglassets/languages/english.lang
19:40:42.453 [FXGL Background Thread 4 ] DEBUG FXGLAssetLoaderServi - Loading from file system: jar:file:///C:/Users/hampt/.m2/repository/com/github/almasb/fxgl/17.3/fxgl-17.3.jar!/fxglassets/ui/fonts/Abel-Regular.ttf
19:40:42.459 [FXGL Background Thread 1 ] INFO  FXGLApplication      - FXGL initialization took: 0.440 sec
19:40:42.460 [JavaFX Application Thread] DEBUG FXGLAssetLoaderServi - Loading from file system: jar:file:///C:/Users/hampt/.m2/repository/com/github/almasb/fxgl/17.3/fxgl-17.3.jar!/fxglassets/textures/fxgl_icon.png
19:40:42.463 [FXGL Background Thread 4 ] DEBUG FXGLAssetLoaderServi - Loading from file system: jar:file:///C:/Users/hampt/.m2/repository/com/github/almasb/fxgl/17.3/fxgl-17.3.jar!/fxglassets/ui/fonts/TerminalLandMono-Regular.otf
19:40:42.475 [FXGL Background Thread 4 ] DEBUG FXGLAssetLoaderServi - Loading from file system: jar:file:///C:/Users/hampt/.m2/repository/com/github/almasb/fxgl/17.3/fxgl-17.3.jar!/fxglassets/ui/fonts/Courier-Prime.ttf
19:40:42.483 [JavaFX Application Thread] DEBUG FXGLAssetLoaderServi - Loading from file system: jar:file:///C:/Users/hampt/.m2/repository/com/github/almasb/fxgl/17.3/fxgl-17.3.jar!/fxglassets/textures/fxgl_default_cursor.png
19:40:42.497 [JavaFX Application Thread] DEBUG Input                - Registered new binding: Screenshot - CTRL+8
19:40:42.497 [JavaFX Application Thread] DEBUG Input                - Registered new binding: System info dump - CTRL+9
19:40:42.498 [JavaFX Application Thread] DEBUG Input                - Registered new binding: Restart - CTRL+R
19:40:42.499 [JavaFX Application Thread] DEBUG Input                - Registered new binding: Toggle Debug Camera - CTRL+7
19:40:42.502 [JavaFX Application Thread] DEBUG LoopRunner           - Starting loop
19:40:42.502 [JavaFX Application Thread] DEBUG LoopRunner           - Initializing JavaFX AnimationTimerLoop
19:40:42.503 [JavaFX Application Thread] DEBUG GameApplicationServi - Starting new game
19:40:42.504 [JavaFX Application Thread] DEBUG Input                - Clearing active input actions
19:40:42.519 [JavaFX Application Thread] DEBUG GameApplicationServi - Removing overlay from FXGLStartupScene and adding to FXGLLoadingScene
19:40:42.520 [JavaFX Application Thread] DEBUG PrimaryStageWindow   - FXGLStartupScene -> FXGLLoadingScene
19:40:42.520 [JavaFX Application Thread] DEBUG GameApplicationServi - Clearing previous game
19:40:42.520 [JavaFX Application Thread] DEBUG GameScene            - Clearing game scene
19:40:42.520 [JavaFX Application Thread] DEBUG GameWorld            - Clearing game world
19:40:42.520 [JavaFX Application Thread] DEBUG PhysicsWorld         - Clearing physics world
19:40:42.523 [JavaFX Application Thread] DEBUG FXGLApplication      - Registering font factories with UI factory
19:40:42.550 [FXGL Background Thread 4 ] INFO  FXGLApplication      - Game initialization took: 0.027 sec
19:40:42.582 [JavaFX Application Thread] DEBUG Input                - Clearing active input actions
19:40:42.604 [JavaFX Application Thread] DEBUG GameApplicationServi - Removing overlay from FXGLLoadingScene and adding to GameScene
19:40:42.604 [JavaFX Application Thread] DEBUG PrimaryStageWindow   - FXGLLoadingScene -> GameScene
19:40:42.909 [FXGL Background Thread 2 ] INFO  UpdaterService       - Your current version:  17.3
19:40:42.910 [FXGL Background Thread 2 ] INFO  UpdaterService       - Latest stable version: 21.1
19:40:45.409 [FXGL Background Thread 3 ] DEBUG Engine               - Logging environment variables
19:40:45.410 [FXGL Background Thread 3 ] DEBUG Engine               - achievements: []
19:40:45.410 [FXGL Background Thread 3 ] DEBUG Engine               - actualHeight: 800.0
19:40:45.410 [FXGL Background Thread 3 ] DEBUG Engine               - actualHeightProperty: ReadOnlyDoubleProperty [value: 800.0]
19:40:45.410 [FXGL Background Thread 3 ] DEBUG Engine               - actualWidth: 800.0
19:40:45.410 [FXGL Background Thread 3 ] DEBUG Engine               - actualWidthProperty: ReadOnlyDoubleProperty [value: 800.0]
19:40:45.410 [FXGL Background Thread 3 ] DEBUG Engine               - appIcon: fxgl_icon.png
19:40:45.410 [FXGL Background Thread 3 ] DEBUG Engine               - applicationMode: DEVELOPER
19:40:45.410 [FXGL Background Thread 3 ] DEBUG Engine               - cSSList: [fxgl_dark.css]
19:40:45.410 [FXGL Background Thread 3 ] DEBUG Engine               - collisionDetectionStrategy: BRUTE_FORCE
19:40:45.410 [FXGL Background Thread 3 ] DEBUG Engine               - configClass: Optional.empty
19:40:45.410 [FXGL Background Thread 3 ] DEBUG Engine               - credits: []
19:40:45.411 [FXGL Background Thread 3 ] DEBUG Engine               - defaultCursor: CursorInfo(imageName=fxgl_default_cursor.png, hotspotX=7.0, hotspotY=6.0)
19:40:45.411 [FXGL Background Thread 3 ] DEBUG Engine               - devBBoxColorProperty: ObjectProperty [value: 0xff0000ff]
19:40:45.411 [FXGL Background Thread 3 ] DEBUG Engine               - devEnableDebugCameraProperty: BooleanProperty [value: false]
19:40:45.411 [FXGL Background Thread 3 ] DEBUG Engine               - devSensorColorProperty: ObjectProperty [value: 0xffff00ff]
19:40:45.411 [FXGL Background Thread 3 ] DEBUG Engine               - devShowBBoxProperty: BooleanProperty [value: false]
19:40:45.411 [FXGL Background Thread 3 ] DEBUG Engine               - devShowPositionProperty: BooleanProperty [value: false]
19:40:45.411 [FXGL Background Thread 3 ] DEBUG Engine               - enabledMenuItems: []
19:40:45.411 [FXGL Background Thread 3 ] DEBUG Engine               - engineServices: [class com.almasb.fxgl.app.services.FXGLAssetLoaderService, class com.almasb.fxgl.app.FXGLApplication$GameApplicationService, class com.almasb.fxgl.app.services.FXGLDialogService, class com.almasb.fxgl.app.services.IOTaskExecutorService, class com.almasb.fxgl.io.FileSystemService, class com.almasb.fxgl.localization.LocalizationService, class com.almasb.fxgl.app.services.SystemBundleService, class com.almasb.fxgl.profile.SaveLoadService, class com.almasb.fxgl.ui.FXGLUIFactoryServiceProvider, class com.almasb.fxgl.ui.FXGLDialogFactoryServiceProvider, class com.almasb.fxgl.audio.AudioPlayer, class com.almasb.fxgl.notification.impl.NotificationServiceProvider, class com.almasb.fxgl.achievement.AchievementService, class com.almasb.fxgl.cutscene.CutsceneService, class com.almasb.fxgl.minigames.MiniGameService, class com.almasb.fxgl.net.NetService, class com.almasb.fxgl.app.services.UpdaterService, class com.almasb.fxgl.dev.DevService]
19:40:45.411 [FXGL Background Thread 3 ] DEBUG Engine               - fontGame: Abel-Regular.ttf
19:40:45.411 [FXGL Background Thread 3 ] DEBUG Engine               - fontMono: TerminalLandMono-Regular.otf
19:40:45.411 [FXGL Background Thread 3 ] DEBUG Engine               - fontSizeScaleUI: 1.0
19:40:45.411 [FXGL Background Thread 3 ] DEBUG Engine               - fontText: Courier-Prime.ttf
19:40:45.411 [FXGL Background Thread 3 ] DEBUG Engine               - fontUI: VarelaRound-Regular.ttf
19:40:45.411 [FXGL Background Thread 3 ] DEBUG Engine               - fullScreen: BooleanProperty [value: false]
19:40:45.411 [FXGL Background Thread 3 ] DEBUG Engine               - gameDifficulty: MEDIUM
19:40:45.411 [FXGL Background Thread 3 ] DEBUG Engine               - gameDifficultyProperty: ObjectProperty [value: MEDIUM]
19:40:45.411 [FXGL Background Thread 3 ] DEBUG Engine               - globalMusicVolume: 0.5
19:40:45.411 [FXGL Background Thread 3 ] DEBUG Engine               - globalMusicVolumeProperty: DoubleProperty [value: 0.5]
19:40:45.411 [FXGL Background Thread 3 ] DEBUG Engine               - globalSoundVolume: 0.5
19:40:45.412 [FXGL Background Thread 3 ] DEBUG Engine               - globalSoundVolumeProperty: DoubleProperty [value: 0.5]
19:40:45.412 [FXGL Background Thread 3 ] DEBUG Engine               - height: 800
19:40:45.412 [FXGL Background Thread 3 ] DEBUG Engine               - is3D: false
19:40:45.412 [FXGL Background Thread 3 ] DEBUG Engine               - isAndroid: false
19:40:45.412 [FXGL Background Thread 3 ] DEBUG Engine               - isBrowser: false
19:40:45.412 [FXGL Background Thread 3 ] DEBUG Engine               - isClickFeedbackEnabled: false
19:40:45.412 [FXGL Background Thread 3 ] DEBUG Engine               - isCloseConfirmation: false
19:40:45.412 [FXGL Background Thread 3 ] DEBUG Engine               - isDesktop: true
19:40:45.412 [FXGL Background Thread 3 ] DEBUG Engine               - isDeveloperMenuEnabled: false
19:40:45.412 [FXGL Background Thread 3 ] DEBUG Engine               - isEmbedded: false
19:40:45.412 [FXGL Background Thread 3 ] DEBUG Engine               - isEntityPreloadEnabled: true
19:40:45.412 [FXGL Background Thread 3 ] DEBUG Engine               - isExperimentalTiledLargeMap: false
19:40:45.412 [FXGL Background Thread 3 ] DEBUG Engine               - isFileSystemWriteAllowed: true
19:40:45.412 [FXGL Background Thread 3 ] DEBUG Engine               - isFullScreenAllowed: false
19:40:45.412 [FXGL Background Thread 3 ] DEBUG Engine               - isFullScreenFromStart: false
19:40:45.412 [FXGL Background Thread 3 ] DEBUG Engine               - isGameMenuEnabled: true
19:40:45.412 [FXGL Background Thread 3 ] DEBUG Engine               - isIOS: false
19:40:45.412 [FXGL Background Thread 3 ] DEBUG Engine               - isIntroEnabled: false
19:40:45.412 [FXGL Background Thread 3 ] DEBUG Engine               - isLinux: false
19:40:45.412 [FXGL Background Thread 3 ] DEBUG Engine               - isMac: false
19:40:45.412 [FXGL Background Thread 3 ] DEBUG Engine               - isMainMenuEnabled: false
19:40:45.412 [FXGL Background Thread 3 ] DEBUG Engine               - isManualResizeEnabled: false
19:40:45.412 [FXGL Background Thread 3 ] DEBUG Engine               - isMobile: false
19:40:45.412 [FXGL Background Thread 3 ] DEBUG Engine               - isNative: false
19:40:45.412 [FXGL Background Thread 3 ] DEBUG Engine               - isPauseMusicWhenMinimized: true
19:40:45.414 [FXGL Background Thread 3 ] DEBUG Engine               - isPreserveResizeRatio: false
19:40:45.414 [FXGL Background Thread 3 ] DEBUG Engine               - isProfilingEnabled: false
19:40:45.414 [FXGL Background Thread 3 ] DEBUG Engine               - isScaleAffectedOnResize: true
19:40:45.414 [FXGL Background Thread 3 ] DEBUG Engine               - isSingleStep: false
19:40:45.414 [FXGL Background Thread 3 ] DEBUG Engine               - isUserProfileEnabled: false
19:40:45.414 [FXGL Background Thread 3 ] DEBUG Engine               - isWindows: true
19:40:45.414 [FXGL Background Thread 3 ] DEBUG Engine               - language: ObjectProperty [value: ENGLISH]
19:40:45.414 [FXGL Background Thread 3 ] DEBUG Engine               - menuKey: ESCAPE
19:40:45.414 [FXGL Background Thread 3 ] DEBUG Engine               - mouseSensitivity: 0.2
19:40:45.414 [FXGL Background Thread 3 ] DEBUG Engine               - notificationViewClass: class com.almasb.fxgl.notification.view.XboxNotificationView
19:40:45.414 [FXGL Background Thread 3 ] DEBUG Engine               - pixelsPerMeter: 50.0
19:40:45.414 [FXGL Background Thread 3 ] DEBUG Engine               - platform: WINDOWS
19:40:45.414 [FXGL Background Thread 3 ] DEBUG Engine               - prefHeightProperty: ReadOnlyDoubleProperty [value: 800.0]
19:40:45.414 [FXGL Background Thread 3 ] DEBUG Engine               - prefWidthProperty: ReadOnlyDoubleProperty [value: 800.0]
19:40:45.414 [FXGL Background Thread 3 ] DEBUG Engine               - profileDir: profiles/
19:40:45.414 [FXGL Background Thread 3 ] DEBUG Engine               - profileName: StringProperty [value: DEFAULT]
19:40:45.414 [FXGL Background Thread 3 ] DEBUG Engine               - randomSeed: -1
19:40:45.414 [FXGL Background Thread 3 ] DEBUG Engine               - runtimeInfo: RuntimeInfo(platform=WINDOWS, version=17.3, build=30.03.2023 11.49)
19:40:45.414 [FXGL Background Thread 3 ] DEBUG Engine               - saveFileExt: sav
19:40:45.414 [FXGL Background Thread 3 ] DEBUG Engine               - scaledHeightProp$fxgl: DoubleProperty [bound, value: 800.0]
19:40:45.414 [FXGL Background Thread 3 ] DEBUG Engine               - scaledWidthProp$fxgl: DoubleProperty [bound, value: 800.0]
19:40:45.415 [FXGL Background Thread 3 ] DEBUG Engine               - sceneFactory: com.almasb.fxgl.app.scene.SceneFactory@4c6ccec
19:40:45.415 [FXGL Background Thread 3 ] DEBUG Engine               - secondsIn24h: 60
19:40:45.415 [FXGL Background Thread 3 ] DEBUG Engine               - soundMenuBack: menu/back.wav
19:40:45.415 [FXGL Background Thread 3 ] DEBUG Engine               - soundMenuPress: menu/press.wav
19:40:45.415 [FXGL Background Thread 3 ] DEBUG Engine               - soundMenuSelect: menu/select.wav
19:40:45.415 [FXGL Background Thread 3 ] DEBUG Engine               - soundNotification: core/notification.wav
19:40:45.415 [FXGL Background Thread 3 ] DEBUG Engine               - stageStyle: DECORATED
19:40:45.415 [FXGL Background Thread 3 ] DEBUG Engine               - supportedLanguages: [ENGLISH, FRENCH, GERMAN, HUNGARIAN, RUSSIAN]
19:40:45.415 [FXGL Background Thread 3 ] DEBUG Engine               - ticksPerSecond: -1
19:40:45.415 [FXGL Background Thread 3 ] DEBUG Engine               - title: FXGL CRUD Interface with Pig Drawing
19:40:45.415 [FXGL Background Thread 3 ] DEBUG Engine               - urlGithub: https://github.com/AlmasB/FXGL
19:40:45.415 [FXGL Background Thread 3 ] DEBUG Engine               - urlLeaderboard: http://fxgl-top.herokuapp.com/
19:40:45.415 [FXGL Background Thread 3 ] DEBUG Engine               - urlPOM: https://raw.githubusercontent.com/AlmasB/FXGL/release/README.md
19:40:45.415 [FXGL Background Thread 3 ] DEBUG Engine               - userAppClass: class com.example.lab4_sql_fx.CRUDInterfaceApp
19:40:45.415 [FXGL Background Thread 3 ] DEBUG Engine               - version: 0.0
19:40:45.415 [FXGL Background Thread 3 ] DEBUG Engine               - versionCheckDays: 7
19:40:45.415 [FXGL Background Thread 3 ] DEBUG Engine               - width: 800
19:40:45.415 [FXGL Background Thread 3 ] DEBUG Engine               - Logging services
19:40:45.415 [FXGL Background Thread 3 ] DEBUG Engine               - class com.almasb.fxgl.app.services.FXGLAssetLoaderService
19:40:45.415 [FXGL Background Thread 3 ] DEBUG Engine               - class com.almasb.fxgl.app.FXGLApplication$GameApplicationService
19:40:45.415 [FXGL Background Thread 3 ] DEBUG Engine               - class com.almasb.fxgl.app.services.FXGLDialogService
19:40:45.415 [FXGL Background Thread 3 ] DEBUG Engine               - class com.almasb.fxgl.app.services.IOTaskExecutorService
19:40:45.415 [FXGL Background Thread 3 ] DEBUG Engine               - class com.almasb.fxgl.io.FileSystemService
19:40:45.415 [FXGL Background Thread 3 ] DEBUG Engine               - class com.almasb.fxgl.localization.LocalizationService
19:40:45.415 [FXGL Background Thread 3 ] DEBUG Engine               - class com.almasb.fxgl.app.services.SystemBundleService
19:40:45.415 [FXGL Background Thread 3 ] DEBUG Engine               - class com.almasb.fxgl.profile.SaveLoadService
19:40:45.415 [FXGL Background Thread 3 ] DEBUG Engine               - class com.almasb.fxgl.ui.FXGLUIFactoryServiceProvider
19:40:45.415 [FXGL Background Thread 3 ] DEBUG Engine               - class com.almasb.fxgl.ui.FXGLDialogFactoryServiceProvider
19:40:45.415 [FXGL Background Thread 3 ] DEBUG Engine               - class com.almasb.fxgl.audio.AudioPlayer
19:40:45.415 [FXGL Background Thread 3 ] DEBUG Engine               - class com.almasb.fxgl.notification.impl.NotificationServiceProvider
19:40:45.415 [FXGL Background Thread 3 ] DEBUG Engine               - class com.almasb.fxgl.achievement.AchievementService
19:40:45.415 [FXGL Background Thread 3 ] DEBUG Engine               - class com.almasb.fxgl.cutscene.CutsceneService
19:40:45.415 [FXGL Background Thread 3 ] DEBUG Engine               - class com.almasb.fxgl.minigames.MiniGameService
19:40:45.415 [FXGL Background Thread 3 ] DEBUG Engine               - class com.almasb.fxgl.net.NetService
19:40:45.416 [FXGL Background Thread 3 ] DEBUG Engine               - class com.almasb.fxgl.app.services.UpdaterService
19:40:45.416 [FXGL Background Thread 3 ] DEBUG Engine               - class com.almasb.fxgl.dev.DevService
19:40:47.978 [JavaFX Application Thread] DEBUG FXGLApplication      - Exiting FXGL
19:40:47.978 [JavaFX Application Thread] DEBUG LoopRunner           - Stopping loop
19:40:47.978 [JavaFX Application Thread] DEBUG SystemBundleService  - Saving FXGL system data
19:40:47.981 [JavaFX Application Thread] DEBUG FileSystemAccess     - Writing to: C:\Users\hampt\IdeaProjects\TestingOnHackerRank\Lab4_Sql_FX\system\fxgl.bundle
19:40:47.982 [JavaFX Application Thread] DEBUG Async                - Shutting down background threads
19:40:47.982 [JavaFX Application Thread] DEBUG PrimaryStageWindow   - Closing main window
19:40:47.995 [JavaFX Application Thread] DEBUG Logger               - Closing Logger
